<?xml version="1.0" encoding="UTF-8"?>
<!-- Generated by org.testng.reporters.JUnitXMLReporter -->
<testsuite ignored="0" hostname="DESKTOP-2I2V101" failures="0" tests="99" name="Command line test" time="0.14" errors="0" timestamp="2021-09-13T23:00:42 PET">
  <testcase classname="cs.ing.software.lab1.PruebaTest" name="Test00" time="0.006"/>
  <testcase classname="cs.ing.software.lab1.PruebaTest" name="Test01" time="0.0"/>
  <testcase classname="cs.ing.software.lab1.PruebaTest" name="Test02" time="0.0"/>
  <testcase classname="cs.ing.software.lab1.PruebaTest" name="Test03" time="0.0"/>
  <testcase classname="cs.ing.software.lab1.PruebaTest" name="Test04" time="0.0"/>
  <testcase classname="cs.ing.software.lab1.PruebaTest" name="Test05" time="0.0"/>
  <testcase classname="cs.ing.software.lab1.PruebaTest" name="Test06" time="0.016"/>
  <testcase classname="cs.ing.software.lab1.PruebaTest" name="Test07" time="0.0"/>
  <testcase classname="cs.ing.software.lab1.PruebaTest" name="Test08" time="0.0"/>
  <testcase classname="cs.ing.software.lab1.PruebaTest" name="Test09" time="0.011"/>
  <testcase classname="cs.ing.software.lab1.PruebaTest" name="Test09" time="0.0"/>
  <testcase classname="cs.ing.software.lab1.PruebaTest" name="Test09" time="0.011"/>
  <testcase classname="cs.ing.software.lab1.PruebaTest" name="Test09" time="0.012"/>
  <testcase classname="cs.ing.software.lab1.PruebaTest" name="Test09" time="0.001"/>
  <testcase classname="cs.ing.software.lab1.PruebaTest" name="Test09" time="0.0"/>
  <testcase classname="cs.ing.software.lab1.PruebaTest" name="Test09" time="0.001"/>
  <testcase classname="cs.ing.software.lab1.PruebaTest" name="Test09" time="0.001"/>
  <testcase classname="cs.ing.software.lab1.PruebaTest" name="Test09" time="0.0"/>
  <testcase classname="cs.ing.software.lab1.PruebaTest" name="Test09" time="0.0"/>
  <testcase classname="cs.ing.software.lab1.PruebaTest" name="Test09" time="0.001"/>
  <testcase classname="cs.ing.software.lab1.PruebaTest" name="Test09" time="0.001"/>
  <testcase classname="cs.ing.software.lab1.PruebaTest" name="Test09" time="0.001"/>
  <testcase classname="cs.ing.software.lab1.PruebaTest" name="Test09" time="0.001"/>
  <testcase classname="cs.ing.software.lab1.PruebaTest" name="Test09" time="0.0"/>
  <testcase classname="cs.ing.software.lab1.PruebaTest" name="Test09" time="0.0"/>
  <testcase classname="cs.ing.software.lab1.PruebaTest" name="Test09" time="0.0"/>
  <testcase classname="cs.ing.software.lab1.PruebaTest" name="Test09" time="0.0"/>
  <testcase classname="cs.ing.software.lab1.PruebaTest" name="Test09" time="0.0"/>
  <testcase classname="cs.ing.software.lab1.PruebaTest" name="Test09" time="0.002"/>
  <testcase classname="cs.ing.software.lab1.PruebaTest" name="Test09" time="0.002"/>
  <testcase classname="cs.ing.software.lab1.PruebaTest" name="Test09" time="0.002"/>
  <testcase classname="cs.ing.software.lab1.PruebaTest" name="Test09" time="0.0"/>
  <testcase classname="cs.ing.software.lab1.PruebaTest" name="Test09" time="0.0"/>
  <testcase classname="cs.ing.software.lab1.PruebaTest" name="Test09" time="0.001"/>
  <testcase classname="cs.ing.software.lab1.PruebaTest" name="Test09" time="0.001"/>
  <testcase classname="cs.ing.software.lab1.PruebaTest" name="Test09" time="0.0"/>
  <testcase classname="cs.ing.software.lab1.PruebaTest" name="Test09" time="0.0"/>
  <testcase classname="cs.ing.software.lab1.PruebaTest" name="Test09" time="0.0"/>
  <testcase classname="cs.ing.software.lab1.PruebaTest" name="Test09" time="0.0"/>
  <testcase classname="cs.ing.software.lab1.PruebaTest" name="Test09" time="0.001"/>
  <testcase classname="cs.ing.software.lab1.PruebaTest" name="Test09" time="0.0"/>
  <testcase classname="cs.ing.software.lab1.PruebaTest" name="Test09" time="0.001"/>
  <testcase classname="cs.ing.software.lab1.PruebaTest" name="Test09" time="0.001"/>
  <testcase classname="cs.ing.software.lab1.PruebaTest" name="Test09" time="0.0"/>
  <testcase classname="cs.ing.software.lab1.PruebaTest" name="Test09" time="0.0"/>
  <testcase classname="cs.ing.software.lab1.PruebaTest" name="Test09" time="0.0"/>
  <testcase classname="cs.ing.software.lab1.PruebaTest" name="Test09" time="0.002"/>
  <testcase classname="cs.ing.software.lab1.PruebaTest" name="Test09" time="0.002"/>
  <testcase classname="cs.ing.software.lab1.PruebaTest" name="Test09" time="0.0"/>
  <testcase classname="cs.ing.software.lab1.PruebaTest" name="Test09" time="0.0"/>
  <testcase classname="cs.ing.software.lab1.PruebaTest" name="Test09" time="0.0"/>
  <testcase classname="cs.ing.software.lab1.PruebaTest" name="Test09" time="0.0"/>
  <testcase classname="cs.ing.software.lab1.PruebaTest" name="Test09" time="0.0"/>
  <testcase classname="cs.ing.software.lab1.PruebaTest" name="Test09" time="0.0"/>
  <testcase classname="cs.ing.software.lab1.PruebaTest" name="Test09" time="0.003"/>
  <testcase classname="cs.ing.software.lab1.PruebaTest" name="Test09" time="0.0"/>
  <testcase classname="cs.ing.software.lab1.PruebaTest" name="Test09" time="0.0"/>
  <testcase classname="cs.ing.software.lab1.PruebaTest" name="Test09" time="0.0"/>
  <testcase classname="cs.ing.software.lab1.PruebaTest" name="Test09" time="0.001"/>
  <testcase classname="cs.ing.software.lab1.PruebaTest" name="Test09" time="0.001"/>
  <testcase classname="cs.ing.software.lab1.PruebaTest" name="Test09" time="0.0"/>
  <testcase classname="cs.ing.software.lab1.PruebaTest" name="Test09" time="0.0"/>
  <testcase classname="cs.ing.software.lab1.PruebaTest" name="Test09" time="0.001"/>
  <testcase classname="cs.ing.software.lab1.PruebaTest" name="Test09" time="0.001"/>
  <testcase classname="cs.ing.software.lab1.PruebaTest" name="Test09" time="0.001"/>
  <testcase classname="cs.ing.software.lab1.PruebaTest" name="Test09" time="0.0"/>
  <testcase classname="cs.ing.software.lab1.PruebaTest" name="Test09" time="0.0"/>
  <testcase classname="cs.ing.software.lab1.PruebaTest" name="Test09" time="0.0"/>
  <testcase classname="cs.ing.software.lab1.PruebaTest" name="Test09" time="0.0"/>
  <testcase classname="cs.ing.software.lab1.PruebaTest" name="Test09" time="0.001"/>
  <testcase classname="cs.ing.software.lab1.PruebaTest" name="Test09" time="0.001"/>
  <testcase classname="cs.ing.software.lab1.PruebaTest" name="Test09" time="0.0"/>
  <testcase classname="cs.ing.software.lab1.PruebaTest" name="Test09" time="0.001"/>
  <testcase classname="cs.ing.software.lab1.PruebaTest" name="Test09" time="0.0"/>
  <testcase classname="cs.ing.software.lab1.PruebaTest" name="Test09" time="0.0"/>
  <testcase classname="cs.ing.software.lab1.PruebaTest" name="Test09" time="0.001"/>
  <testcase classname="cs.ing.software.lab1.PruebaTest" name="Test09" time="0.001"/>
  <testcase classname="cs.ing.software.lab1.PruebaTest" name="Test09" time="0.001"/>
  <testcase classname="cs.ing.software.lab1.PruebaTest" name="Test09" time="0.0"/>
  <testcase classname="cs.ing.software.lab1.PruebaTest" name="Test09" time="0.0"/>
  <testcase classname="cs.ing.software.lab1.PruebaTest" name="Test09" time="0.001"/>
  <testcase classname="cs.ing.software.lab1.PruebaTest" name="Test09" time="0.0"/>
  <testcase classname="cs.ing.software.lab1.PruebaTest" name="Test09" time="0.0"/>
  <testcase classname="cs.ing.software.lab1.PruebaTest" name="Test09" time="0.001"/>
  <testcase classname="cs.ing.software.lab1.PruebaTest" name="Test09" time="0.001"/>
  <testcase classname="cs.ing.software.lab1.PruebaTest" name="Test09" time="0.001"/>
  <testcase classname="cs.ing.software.lab1.PruebaTest" name="Test09" time="0.001"/>
  <testcase classname="cs.ing.software.lab1.PruebaTest" name="Test09" time="0.001"/>
  <testcase classname="cs.ing.software.lab1.PruebaTest" name="Test09" time="0.001"/>
  <testcase classname="cs.ing.software.lab1.PruebaTest" name="Test10" time="0.0"/>
  <testcase classname="cs.ing.software.lab1.PruebaTest" name="Test11" time="0.0"/>
  <testcase classname="cs.ing.software.lab1.PruebaTest" name="Test12" time="0.0"/>
  <testcase classname="cs.ing.software.lab1.PruebaTest" name="Test13" time="0.0"/>
  <testcase classname="cs.ing.software.lab1.PruebaTest" name="Test14" time="0.0"/>
  <testcase classname="cs.ing.software.lab1.PruebaTest" name="Test15" time="0.0"/>
  <testcase classname="cs.ing.software.lab1.PruebaTest" name="Test16" time="0.0"/>
  <testcase classname="cs.ing.software.lab1.PruebaTest" name="Test17" time="0.0"/>
  <testcase classname="cs.ing.software.lab1.PruebaTest" name="Test18" time="0.0"/>
  <testcase classname="cs.ing.software.lab1.PruebaTest" name="Test19" time="0.0"/>
</testsuite> <!-- Command line test -->
