<?xml version="1.0" encoding="UTF-8"?>
<testng-results ignored="0" total="99" passed="99" failed="0" skipped="0">
  <reporter-output>
  </reporter-output>
  <suite started-at="2021-09-13T23:00:42 PET" name="cs.ing.software.lab1.PruebaTest" finished-at="2021-09-13T23:00:42 PET" duration-ms="140">
    <groups>
    </groups>
    <test started-at="2021-09-13T23:00:42 PET" name="Command line test" finished-at="2021-09-13T23:00:42 PET" duration-ms="140">
      <class name="cs.ing.software.lab1.PruebaTest">
        <test-method signature="Test00()[pri:0, instance:cs.ing.software.lab1.PruebaTest@4b2c5e02]" started-at="2021-09-13T23:00:42 PET" name="Test00" finished-at="2021-09-13T23:00:42 PET" duration-ms="6" status="PASS">
          <reporter-output>
          </reporter-output>
        </test-method> <!-- Test00 -->
        <test-method signature="Test06()[pri:0, instance:cs.ing.software.lab1.PruebaTest@4b2c5e02]" started-at="2021-09-13T23:00:42 PET" name="Test06" finished-at="2021-09-13T23:00:42 PET" duration-ms="16" status="PASS">
          <reporter-output>
          </reporter-output>
        </test-method> <!-- Test06 -->
        <test-method signature="Test03()[pri:0, instance:cs.ing.software.lab1.PruebaTest@4b2c5e02]" started-at="2021-09-13T23:00:42 PET" name="Test03" finished-at="2021-09-13T23:00:42 PET" duration-ms="0" status="PASS">
          <reporter-output>
          </reporter-output>
        </test-method> <!-- Test03 -->
        <test-method signature="Test04()[pri:0, instance:cs.ing.software.lab1.PruebaTest@4b2c5e02]" started-at="2021-09-13T23:00:42 PET" name="Test04" finished-at="2021-09-13T23:00:42 PET" duration-ms="0" status="PASS">
          <reporter-output>
          </reporter-output>
        </test-method> <!-- Test04 -->
        <test-method signature="Test05()[pri:0, instance:cs.ing.software.lab1.PruebaTest@4b2c5e02]" started-at="2021-09-13T23:00:42 PET" name="Test05" finished-at="2021-09-13T23:00:42 PET" duration-ms="0" status="PASS">
          <reporter-output>
          </reporter-output>
        </test-method> <!-- Test05 -->
        <test-method signature="Test02()[pri:0, instance:cs.ing.software.lab1.PruebaTest@4b2c5e02]" started-at="2021-09-13T23:00:42 PET" name="Test02" finished-at="2021-09-13T23:00:42 PET" duration-ms="0" status="PASS">
          <reporter-output>
          </reporter-output>
        </test-method> <!-- Test02 -->
        <test-method signature="Test01()[pri:0, instance:cs.ing.software.lab1.PruebaTest@4b2c5e02]" started-at="2021-09-13T23:00:42 PET" name="Test01" finished-at="2021-09-13T23:00:42 PET" duration-ms="0" status="PASS">
          <reporter-output>
          </reporter-output>
        </test-method> <!-- Test01 -->
        <test-method signature="Test08()[pri:0, instance:cs.ing.software.lab1.PruebaTest@4b2c5e02]" started-at="2021-09-13T23:00:42 PET" name="Test08" finished-at="2021-09-13T23:00:42 PET" duration-ms="0" status="PASS">
          <reporter-output>
          </reporter-output>
        </test-method> <!-- Test08 -->
        <test-method signature="Test09()[pri:0, instance:cs.ing.software.lab1.PruebaTest@4b2c5e02]" started-at="2021-09-13T23:00:42 PET" name="Test09" finished-at="2021-09-13T23:00:42 PET" duration-ms="12" status="PASS">
          <reporter-output>
          </reporter-output>
        </test-method> <!-- Test09 -->
        <test-method signature="Test09()[pri:0, instance:cs.ing.software.lab1.PruebaTest@4b2c5e02]" started-at="2021-09-13T23:00:42 PET" name="Test09" finished-at="2021-09-13T23:00:42 PET" duration-ms="11" status="PASS">
          <reporter-output>
          </reporter-output>
        </test-method> <!-- Test09 -->
        <test-method signature="Test07()[pri:0, instance:cs.ing.software.lab1.PruebaTest@4b2c5e02]" started-at="2021-09-13T23:00:42 PET" name="Test07" finished-at="2021-09-13T23:00:42 PET" duration-ms="0" status="PASS">
          <reporter-output>
          </reporter-output>
        </test-method> <!-- Test07 -->
        <test-method signature="Test09()[pri:0, instance:cs.ing.software.lab1.PruebaTest@4b2c5e02]" started-at="2021-09-13T23:00:42 PET" name="Test09" finished-at="2021-09-13T23:00:42 PET" duration-ms="11" status="PASS">
          <reporter-output>
          </reporter-output>
        </test-method> <!-- Test09 -->
        <test-method signature="Test09()[pri:0, instance:cs.ing.software.lab1.PruebaTest@4b2c5e02]" started-at="2021-09-13T23:00:42 PET" name="Test09" finished-at="2021-09-13T23:00:42 PET" duration-ms="0" status="PASS">
          <reporter-output>
          </reporter-output>
        </test-method> <!-- Test09 -->
        <test-method signature="Test09()[pri:0, instance:cs.ing.software.lab1.PruebaTest@4b2c5e02]" started-at="2021-09-13T23:00:42 PET" name="Test09" finished-at="2021-09-13T23:00:42 PET" duration-ms="1" status="PASS">
          <reporter-output>
          </reporter-output>
        </test-method> <!-- Test09 -->
        <test-method signature="Test09()[pri:0, instance:cs.ing.software.lab1.PruebaTest@4b2c5e02]" started-at="2021-09-13T23:00:42 PET" name="Test09" finished-at="2021-09-13T23:00:42 PET" duration-ms="1" status="PASS">
          <reporter-output>
          </reporter-output>
        </test-method> <!-- Test09 -->
        <test-method signature="Test09()[pri:0, instance:cs.ing.software.lab1.PruebaTest@4b2c5e02]" started-at="2021-09-13T23:00:42 PET" name="Test09" finished-at="2021-09-13T23:00:42 PET" duration-ms="0" status="PASS">
          <reporter-output>
          </reporter-output>
        </test-method> <!-- Test09 -->
        <test-method signature="Test09()[pri:0, instance:cs.ing.software.lab1.PruebaTest@4b2c5e02]" started-at="2021-09-13T23:00:42 PET" name="Test09" finished-at="2021-09-13T23:00:42 PET" duration-ms="1" status="PASS">
          <reporter-output>
          </reporter-output>
        </test-method> <!-- Test09 -->
        <test-method signature="Test09()[pri:0, instance:cs.ing.software.lab1.PruebaTest@4b2c5e02]" started-at="2021-09-13T23:00:42 PET" name="Test09" finished-at="2021-09-13T23:00:42 PET" duration-ms="1" status="PASS">
          <reporter-output>
          </reporter-output>
        </test-method> <!-- Test09 -->
        <test-method signature="Test09()[pri:0, instance:cs.ing.software.lab1.PruebaTest@4b2c5e02]" started-at="2021-09-13T23:00:42 PET" name="Test09" finished-at="2021-09-13T23:00:42 PET" duration-ms="1" status="PASS">
          <reporter-output>
          </reporter-output>
        </test-method> <!-- Test09 -->
        <test-method signature="Test09()[pri:0, instance:cs.ing.software.lab1.PruebaTest@4b2c5e02]" started-at="2021-09-13T23:00:42 PET" name="Test09" finished-at="2021-09-13T23:00:42 PET" duration-ms="0" status="PASS">
          <reporter-output>
          </reporter-output>
        </test-method> <!-- Test09 -->
        <test-method signature="Test09()[pri:0, instance:cs.ing.software.lab1.PruebaTest@4b2c5e02]" started-at="2021-09-13T23:00:42 PET" name="Test09" finished-at="2021-09-13T23:00:42 PET" duration-ms="0" status="PASS">
          <reporter-output>
          </reporter-output>
        </test-method> <!-- Test09 -->
        <test-method signature="Test09()[pri:0, instance:cs.ing.software.lab1.PruebaTest@4b2c5e02]" started-at="2021-09-13T23:00:42 PET" name="Test09" finished-at="2021-09-13T23:00:42 PET" duration-ms="1" status="PASS">
          <reporter-output>
          </reporter-output>
        </test-method> <!-- Test09 -->
        <test-method signature="Test09()[pri:0, instance:cs.ing.software.lab1.PruebaTest@4b2c5e02]" started-at="2021-09-13T23:00:42 PET" name="Test09" finished-at="2021-09-13T23:00:42 PET" duration-ms="1" status="PASS">
          <reporter-output>
          </reporter-output>
        </test-method> <!-- Test09 -->
        <test-method signature="Test09()[pri:0, instance:cs.ing.software.lab1.PruebaTest@4b2c5e02]" started-at="2021-09-13T23:00:42 PET" name="Test09" finished-at="2021-09-13T23:00:42 PET" duration-ms="2" status="PASS">
          <reporter-output>
          </reporter-output>
        </test-method> <!-- Test09 -->
        <test-method signature="Test09()[pri:0, instance:cs.ing.software.lab1.PruebaTest@4b2c5e02]" started-at="2021-09-13T23:00:42 PET" name="Test09" finished-at="2021-09-13T23:00:42 PET" duration-ms="0" status="PASS">
          <reporter-output>
          </reporter-output>
        </test-method> <!-- Test09 -->
        <test-method signature="Test09()[pri:0, instance:cs.ing.software.lab1.PruebaTest@4b2c5e02]" started-at="2021-09-13T23:00:42 PET" name="Test09" finished-at="2021-09-13T23:00:42 PET" duration-ms="2" status="PASS">
          <reporter-output>
          </reporter-output>
        </test-method> <!-- Test09 -->
        <test-method signature="Test09()[pri:0, instance:cs.ing.software.lab1.PruebaTest@4b2c5e02]" started-at="2021-09-13T23:00:42 PET" name="Test09" finished-at="2021-09-13T23:00:42 PET" duration-ms="2" status="PASS">
          <reporter-output>
          </reporter-output>
        </test-method> <!-- Test09 -->
        <test-method signature="Test09()[pri:0, instance:cs.ing.software.lab1.PruebaTest@4b2c5e02]" started-at="2021-09-13T23:00:42 PET" name="Test09" finished-at="2021-09-13T23:00:42 PET" duration-ms="0" status="PASS">
          <reporter-output>
          </reporter-output>
        </test-method> <!-- Test09 -->
        <test-method signature="Test09()[pri:0, instance:cs.ing.software.lab1.PruebaTest@4b2c5e02]" started-at="2021-09-13T23:00:42 PET" name="Test09" finished-at="2021-09-13T23:00:42 PET" duration-ms="0" status="PASS">
          <reporter-output>
          </reporter-output>
        </test-method> <!-- Test09 -->
        <test-method signature="Test09()[pri:0, instance:cs.ing.software.lab1.PruebaTest@4b2c5e02]" started-at="2021-09-13T23:00:42 PET" name="Test09" finished-at="2021-09-13T23:00:42 PET" duration-ms="0" status="PASS">
          <reporter-output>
          </reporter-output>
        </test-method> <!-- Test09 -->
        <test-method signature="Test09()[pri:0, instance:cs.ing.software.lab1.PruebaTest@4b2c5e02]" started-at="2021-09-13T23:00:42 PET" name="Test09" finished-at="2021-09-13T23:00:42 PET" duration-ms="0" status="PASS">
          <reporter-output>
          </reporter-output>
        </test-method> <!-- Test09 -->
        <test-method signature="Test09()[pri:0, instance:cs.ing.software.lab1.PruebaTest@4b2c5e02]" started-at="2021-09-13T23:00:42 PET" name="Test09" finished-at="2021-09-13T23:00:42 PET" duration-ms="1" status="PASS">
          <reporter-output>
          </reporter-output>
        </test-method> <!-- Test09 -->
        <test-method signature="Test09()[pri:0, instance:cs.ing.software.lab1.PruebaTest@4b2c5e02]" started-at="2021-09-13T23:00:42 PET" name="Test09" finished-at="2021-09-13T23:00:42 PET" duration-ms="1" status="PASS">
          <reporter-output>
          </reporter-output>
        </test-method> <!-- Test09 -->
        <test-method signature="Test09()[pri:0, instance:cs.ing.software.lab1.PruebaTest@4b2c5e02]" started-at="2021-09-13T23:00:42 PET" name="Test09" finished-at="2021-09-13T23:00:42 PET" duration-ms="0" status="PASS">
          <reporter-output>
          </reporter-output>
        </test-method> <!-- Test09 -->
        <test-method signature="Test09()[pri:0, instance:cs.ing.software.lab1.PruebaTest@4b2c5e02]" started-at="2021-09-13T23:00:42 PET" name="Test09" finished-at="2021-09-13T23:00:42 PET" duration-ms="0" status="PASS">
          <reporter-output>
          </reporter-output>
        </test-method> <!-- Test09 -->
        <test-method signature="Test09()[pri:0, instance:cs.ing.software.lab1.PruebaTest@4b2c5e02]" started-at="2021-09-13T23:00:42 PET" name="Test09" finished-at="2021-09-13T23:00:42 PET" duration-ms="0" status="PASS">
          <reporter-output>
          </reporter-output>
        </test-method> <!-- Test09 -->
        <test-method signature="Test09()[pri:0, instance:cs.ing.software.lab1.PruebaTest@4b2c5e02]" started-at="2021-09-13T23:00:42 PET" name="Test09" finished-at="2021-09-13T23:00:42 PET" duration-ms="0" status="PASS">
          <reporter-output>
          </reporter-output>
        </test-method> <!-- Test09 -->
        <test-method signature="Test09()[pri:0, instance:cs.ing.software.lab1.PruebaTest@4b2c5e02]" started-at="2021-09-13T23:00:42 PET" name="Test09" finished-at="2021-09-13T23:00:42 PET" duration-ms="0" status="PASS">
          <reporter-output>
          </reporter-output>
        </test-method> <!-- Test09 -->
        <test-method signature="Test09()[pri:0, instance:cs.ing.software.lab1.PruebaTest@4b2c5e02]" started-at="2021-09-13T23:00:42 PET" name="Test09" finished-at="2021-09-13T23:00:42 PET" duration-ms="1" status="PASS">
          <reporter-output>
          </reporter-output>
        </test-method> <!-- Test09 -->
        <test-method signature="Test09()[pri:0, instance:cs.ing.software.lab1.PruebaTest@4b2c5e02]" started-at="2021-09-13T23:00:42 PET" name="Test09" finished-at="2021-09-13T23:00:42 PET" duration-ms="0" status="PASS">
          <reporter-output>
          </reporter-output>
        </test-method> <!-- Test09 -->
        <test-method signature="Test09()[pri:0, instance:cs.ing.software.lab1.PruebaTest@4b2c5e02]" started-at="2021-09-13T23:00:42 PET" name="Test09" finished-at="2021-09-13T23:00:42 PET" duration-ms="1" status="PASS">
          <reporter-output>
          </reporter-output>
        </test-method> <!-- Test09 -->
        <test-method signature="Test09()[pri:0, instance:cs.ing.software.lab1.PruebaTest@4b2c5e02]" started-at="2021-09-13T23:00:42 PET" name="Test09" finished-at="2021-09-13T23:00:42 PET" duration-ms="1" status="PASS">
          <reporter-output>
          </reporter-output>
        </test-method> <!-- Test09 -->
        <test-method signature="Test09()[pri:0, instance:cs.ing.software.lab1.PruebaTest@4b2c5e02]" started-at="2021-09-13T23:00:42 PET" name="Test09" finished-at="2021-09-13T23:00:42 PET" duration-ms="0" status="PASS">
          <reporter-output>
          </reporter-output>
        </test-method> <!-- Test09 -->
        <test-method signature="Test09()[pri:0, instance:cs.ing.software.lab1.PruebaTest@4b2c5e02]" started-at="2021-09-13T23:00:42 PET" name="Test09" finished-at="2021-09-13T23:00:42 PET" duration-ms="0" status="PASS">
          <reporter-output>
          </reporter-output>
        </test-method> <!-- Test09 -->
        <test-method signature="Test09()[pri:0, instance:cs.ing.software.lab1.PruebaTest@4b2c5e02]" started-at="2021-09-13T23:00:42 PET" name="Test09" finished-at="2021-09-13T23:00:42 PET" duration-ms="0" status="PASS">
          <reporter-output>
          </reporter-output>
        </test-method> <!-- Test09 -->
        <test-method signature="Test09()[pri:0, instance:cs.ing.software.lab1.PruebaTest@4b2c5e02]" started-at="2021-09-13T23:00:42 PET" name="Test09" finished-at="2021-09-13T23:00:42 PET" duration-ms="2" status="PASS">
          <reporter-output>
          </reporter-output>
        </test-method> <!-- Test09 -->
        <test-method signature="Test09()[pri:0, instance:cs.ing.software.lab1.PruebaTest@4b2c5e02]" started-at="2021-09-13T23:00:42 PET" name="Test09" finished-at="2021-09-13T23:00:42 PET" duration-ms="2" status="PASS">
          <reporter-output>
          </reporter-output>
        </test-method> <!-- Test09 -->
        <test-method signature="Test09()[pri:0, instance:cs.ing.software.lab1.PruebaTest@4b2c5e02]" started-at="2021-09-13T23:00:42 PET" name="Test09" finished-at="2021-09-13T23:00:42 PET" duration-ms="0" status="PASS">
          <reporter-output>
          </reporter-output>
        </test-method> <!-- Test09 -->
        <test-method signature="Test09()[pri:0, instance:cs.ing.software.lab1.PruebaTest@4b2c5e02]" started-at="2021-09-13T23:00:42 PET" name="Test09" finished-at="2021-09-13T23:00:42 PET" duration-ms="0" status="PASS">
          <reporter-output>
          </reporter-output>
        </test-method> <!-- Test09 -->
        <test-method signature="Test09()[pri:0, instance:cs.ing.software.lab1.PruebaTest@4b2c5e02]" started-at="2021-09-13T23:00:42 PET" name="Test09" finished-at="2021-09-13T23:00:42 PET" duration-ms="0" status="PASS">
          <reporter-output>
          </reporter-output>
        </test-method> <!-- Test09 -->
        <test-method signature="Test09()[pri:0, instance:cs.ing.software.lab1.PruebaTest@4b2c5e02]" started-at="2021-09-13T23:00:42 PET" name="Test09" finished-at="2021-09-13T23:00:42 PET" duration-ms="0" status="PASS">
          <reporter-output>
          </reporter-output>
        </test-method> <!-- Test09 -->
        <test-method signature="Test09()[pri:0, instance:cs.ing.software.lab1.PruebaTest@4b2c5e02]" started-at="2021-09-13T23:00:42 PET" name="Test09" finished-at="2021-09-13T23:00:42 PET" duration-ms="0" status="PASS">
          <reporter-output>
          </reporter-output>
        </test-method> <!-- Test09 -->
        <test-method signature="Test09()[pri:0, instance:cs.ing.software.lab1.PruebaTest@4b2c5e02]" started-at="2021-09-13T23:00:42 PET" name="Test09" finished-at="2021-09-13T23:00:42 PET" duration-ms="3" status="PASS">
          <reporter-output>
          </reporter-output>
        </test-method> <!-- Test09 -->
        <test-method signature="Test09()[pri:0, instance:cs.ing.software.lab1.PruebaTest@4b2c5e02]" started-at="2021-09-13T23:00:42 PET" name="Test09" finished-at="2021-09-13T23:00:42 PET" duration-ms="0" status="PASS">
          <reporter-output>
          </reporter-output>
        </test-method> <!-- Test09 -->
        <test-method signature="Test09()[pri:0, instance:cs.ing.software.lab1.PruebaTest@4b2c5e02]" started-at="2021-09-13T23:00:42 PET" name="Test09" finished-at="2021-09-13T23:00:42 PET" duration-ms="0" status="PASS">
          <reporter-output>
          </reporter-output>
        </test-method> <!-- Test09 -->
        <test-method signature="Test09()[pri:0, instance:cs.ing.software.lab1.PruebaTest@4b2c5e02]" started-at="2021-09-13T23:00:42 PET" name="Test09" finished-at="2021-09-13T23:00:42 PET" duration-ms="1" status="PASS">
          <reporter-output>
          </reporter-output>
        </test-method> <!-- Test09 -->
        <test-method signature="Test09()[pri:0, instance:cs.ing.software.lab1.PruebaTest@4b2c5e02]" started-at="2021-09-13T23:00:42 PET" name="Test09" finished-at="2021-09-13T23:00:42 PET" duration-ms="0" status="PASS">
          <reporter-output>
          </reporter-output>
        </test-method> <!-- Test09 -->
        <test-method signature="Test09()[pri:0, instance:cs.ing.software.lab1.PruebaTest@4b2c5e02]" started-at="2021-09-13T23:00:42 PET" name="Test09" finished-at="2021-09-13T23:00:42 PET" duration-ms="0" status="PASS">
          <reporter-output>
          </reporter-output>
        </test-method> <!-- Test09 -->
        <test-method signature="Test09()[pri:0, instance:cs.ing.software.lab1.PruebaTest@4b2c5e02]" started-at="2021-09-13T23:00:42 PET" name="Test09" finished-at="2021-09-13T23:00:42 PET" duration-ms="0" status="PASS">
          <reporter-output>
          </reporter-output>
        </test-method> <!-- Test09 -->
        <test-method signature="Test09()[pri:0, instance:cs.ing.software.lab1.PruebaTest@4b2c5e02]" started-at="2021-09-13T23:00:42 PET" name="Test09" finished-at="2021-09-13T23:00:42 PET" duration-ms="1" status="PASS">
          <reporter-output>
          </reporter-output>
        </test-method> <!-- Test09 -->
        <test-method signature="Test09()[pri:0, instance:cs.ing.software.lab1.PruebaTest@4b2c5e02]" started-at="2021-09-13T23:00:42 PET" name="Test09" finished-at="2021-09-13T23:00:42 PET" duration-ms="0" status="PASS">
          <reporter-output>
          </reporter-output>
        </test-method> <!-- Test09 -->
        <test-method signature="Test09()[pri:0, instance:cs.ing.software.lab1.PruebaTest@4b2c5e02]" started-at="2021-09-13T23:00:42 PET" name="Test09" finished-at="2021-09-13T23:00:42 PET" duration-ms="1" status="PASS">
          <reporter-output>
          </reporter-output>
        </test-method> <!-- Test09 -->
        <test-method signature="Test09()[pri:0, instance:cs.ing.software.lab1.PruebaTest@4b2c5e02]" started-at="2021-09-13T23:00:42 PET" name="Test09" finished-at="2021-09-13T23:00:42 PET" duration-ms="0" status="PASS">
          <reporter-output>
          </reporter-output>
        </test-method> <!-- Test09 -->
        <test-method signature="Test09()[pri:0, instance:cs.ing.software.lab1.PruebaTest@4b2c5e02]" started-at="2021-09-13T23:00:42 PET" name="Test09" finished-at="2021-09-13T23:00:42 PET" duration-ms="1" status="PASS">
          <reporter-output>
          </reporter-output>
        </test-method> <!-- Test09 -->
        <test-method signature="Test09()[pri:0, instance:cs.ing.software.lab1.PruebaTest@4b2c5e02]" started-at="2021-09-13T23:00:42 PET" name="Test09" finished-at="2021-09-13T23:00:42 PET" duration-ms="1" status="PASS">
          <reporter-output>
          </reporter-output>
        </test-method> <!-- Test09 -->
        <test-method signature="Test09()[pri:0, instance:cs.ing.software.lab1.PruebaTest@4b2c5e02]" started-at="2021-09-13T23:00:42 PET" name="Test09" finished-at="2021-09-13T23:00:42 PET" duration-ms="0" status="PASS">
          <reporter-output>
          </reporter-output>
        </test-method> <!-- Test09 -->
        <test-method signature="Test09()[pri:0, instance:cs.ing.software.lab1.PruebaTest@4b2c5e02]" started-at="2021-09-13T23:00:42 PET" name="Test09" finished-at="2021-09-13T23:00:42 PET" duration-ms="0" status="PASS">
          <reporter-output>
          </reporter-output>
        </test-method> <!-- Test09 -->
        <test-method signature="Test09()[pri:0, instance:cs.ing.software.lab1.PruebaTest@4b2c5e02]" started-at="2021-09-13T23:00:42 PET" name="Test09" finished-at="2021-09-13T23:00:42 PET" duration-ms="1" status="PASS">
          <reporter-output>
          </reporter-output>
        </test-method> <!-- Test09 -->
        <test-method signature="Test09()[pri:0, instance:cs.ing.software.lab1.PruebaTest@4b2c5e02]" started-at="2021-09-13T23:00:42 PET" name="Test09" finished-at="2021-09-13T23:00:42 PET" duration-ms="1" status="PASS">
          <reporter-output>
          </reporter-output>
        </test-method> <!-- Test09 -->
        <test-method signature="Test09()[pri:0, instance:cs.ing.software.lab1.PruebaTest@4b2c5e02]" started-at="2021-09-13T23:00:42 PET" name="Test09" finished-at="2021-09-13T23:00:42 PET" duration-ms="0" status="PASS">
          <reporter-output>
          </reporter-output>
        </test-method> <!-- Test09 -->
        <test-method signature="Test09()[pri:0, instance:cs.ing.software.lab1.PruebaTest@4b2c5e02]" started-at="2021-09-13T23:00:42 PET" name="Test09" finished-at="2021-09-13T23:00:42 PET" duration-ms="0" status="PASS">
          <reporter-output>
          </reporter-output>
        </test-method> <!-- Test09 -->
        <test-method signature="Test09()[pri:0, instance:cs.ing.software.lab1.PruebaTest@4b2c5e02]" started-at="2021-09-13T23:00:42 PET" name="Test09" finished-at="2021-09-13T23:00:42 PET" duration-ms="1" status="PASS">
          <reporter-output>
          </reporter-output>
        </test-method> <!-- Test09 -->
        <test-method signature="Test09()[pri:0, instance:cs.ing.software.lab1.PruebaTest@4b2c5e02]" started-at="2021-09-13T23:00:42 PET" name="Test09" finished-at="2021-09-13T23:00:42 PET" duration-ms="0" status="PASS">
          <reporter-output>
          </reporter-output>
        </test-method> <!-- Test09 -->
        <test-method signature="Test09()[pri:0, instance:cs.ing.software.lab1.PruebaTest@4b2c5e02]" started-at="2021-09-13T23:00:42 PET" name="Test09" finished-at="2021-09-13T23:00:42 PET" duration-ms="0" status="PASS">
          <reporter-output>
          </reporter-output>
        </test-method> <!-- Test09 -->
        <test-method signature="Test09()[pri:0, instance:cs.ing.software.lab1.PruebaTest@4b2c5e02]" started-at="2021-09-13T23:00:42 PET" name="Test09" finished-at="2021-09-13T23:00:42 PET" duration-ms="0" status="PASS">
          <reporter-output>
          </reporter-output>
        </test-method> <!-- Test09 -->
        <test-method signature="Test09()[pri:0, instance:cs.ing.software.lab1.PruebaTest@4b2c5e02]" started-at="2021-09-13T23:00:42 PET" name="Test09" finished-at="2021-09-13T23:00:42 PET" duration-ms="1" status="PASS">
          <reporter-output>
          </reporter-output>
        </test-method> <!-- Test09 -->
        <test-method signature="Test09()[pri:0, instance:cs.ing.software.lab1.PruebaTest@4b2c5e02]" started-at="2021-09-13T23:00:42 PET" name="Test09" finished-at="2021-09-13T23:00:42 PET" duration-ms="1" status="PASS">
          <reporter-output>
          </reporter-output>
        </test-method> <!-- Test09 -->
        <test-method signature="Test09()[pri:0, instance:cs.ing.software.lab1.PruebaTest@4b2c5e02]" started-at="2021-09-13T23:00:42 PET" name="Test09" finished-at="2021-09-13T23:00:42 PET" duration-ms="1" status="PASS">
          <reporter-output>
          </reporter-output>
        </test-method> <!-- Test09 -->
        <test-method signature="Test09()[pri:0, instance:cs.ing.software.lab1.PruebaTest@4b2c5e02]" started-at="2021-09-13T23:00:42 PET" name="Test09" finished-at="2021-09-13T23:00:42 PET" duration-ms="1" status="PASS">
          <reporter-output>
          </reporter-output>
        </test-method> <!-- Test09 -->
        <test-method signature="Test09()[pri:0, instance:cs.ing.software.lab1.PruebaTest@4b2c5e02]" started-at="2021-09-13T23:00:42 PET" name="Test09" finished-at="2021-09-13T23:00:42 PET" duration-ms="0" status="PASS">
          <reporter-output>
          </reporter-output>
        </test-method> <!-- Test09 -->
        <test-method signature="Test09()[pri:0, instance:cs.ing.software.lab1.PruebaTest@4b2c5e02]" started-at="2021-09-13T23:00:42 PET" name="Test09" finished-at="2021-09-13T23:00:42 PET" duration-ms="0" status="PASS">
          <reporter-output>
          </reporter-output>
        </test-method> <!-- Test09 -->
        <test-method signature="Test09()[pri:0, instance:cs.ing.software.lab1.PruebaTest@4b2c5e02]" started-at="2021-09-13T23:00:42 PET" name="Test09" finished-at="2021-09-13T23:00:42 PET" duration-ms="1" status="PASS">
          <reporter-output>
          </reporter-output>
        </test-method> <!-- Test09 -->
        <test-method signature="Test09()[pri:0, instance:cs.ing.software.lab1.PruebaTest@4b2c5e02]" started-at="2021-09-13T23:00:42 PET" name="Test09" finished-at="2021-09-13T23:00:42 PET" duration-ms="0" status="PASS">
          <reporter-output>
          </reporter-output>
        </test-method> <!-- Test09 -->
        <test-method signature="Test09()[pri:0, instance:cs.ing.software.lab1.PruebaTest@4b2c5e02]" started-at="2021-09-13T23:00:42 PET" name="Test09" finished-at="2021-09-13T23:00:42 PET" duration-ms="1" status="PASS">
          <reporter-output>
          </reporter-output>
        </test-method> <!-- Test09 -->
        <test-method signature="Test09()[pri:0, instance:cs.ing.software.lab1.PruebaTest@4b2c5e02]" started-at="2021-09-13T23:00:42 PET" name="Test09" finished-at="2021-09-13T23:00:42 PET" duration-ms="0" status="PASS">
          <reporter-output>
          </reporter-output>
        </test-method> <!-- Test09 -->
        <test-method signature="Test09()[pri:0, instance:cs.ing.software.lab1.PruebaTest@4b2c5e02]" started-at="2021-09-13T23:00:42 PET" name="Test09" finished-at="2021-09-13T23:00:42 PET" duration-ms="1" status="PASS">
          <reporter-output>
          </reporter-output>
        </test-method> <!-- Test09 -->
        <test-method signature="Test09()[pri:0, instance:cs.ing.software.lab1.PruebaTest@4b2c5e02]" started-at="2021-09-13T23:00:42 PET" name="Test09" finished-at="2021-09-13T23:00:42 PET" duration-ms="1" status="PASS">
          <reporter-output>
          </reporter-output>
        </test-method> <!-- Test09 -->
        <test-method signature="Test09()[pri:0, instance:cs.ing.software.lab1.PruebaTest@4b2c5e02]" started-at="2021-09-13T23:00:42 PET" name="Test09" finished-at="2021-09-13T23:00:42 PET" duration-ms="1" status="PASS">
          <reporter-output>
          </reporter-output>
        </test-method> <!-- Test09 -->
        <test-method signature="Test09()[pri:0, instance:cs.ing.software.lab1.PruebaTest@4b2c5e02]" started-at="2021-09-13T23:00:42 PET" name="Test09" finished-at="2021-09-13T23:00:42 PET" duration-ms="1" status="PASS">
          <reporter-output>
          </reporter-output>
        </test-method> <!-- Test09 -->
        <test-method signature="Test14()[pri:0, instance:cs.ing.software.lab1.PruebaTest@4b2c5e02]" started-at="2021-09-13T23:00:42 PET" name="Test14" finished-at="2021-09-13T23:00:42 PET" duration-ms="0" status="PASS">
          <reporter-output>
          </reporter-output>
        </test-method> <!-- Test14 -->
        <test-method signature="Test10()[pri:0, instance:cs.ing.software.lab1.PruebaTest@4b2c5e02]" started-at="2021-09-13T23:00:42 PET" name="Test10" finished-at="2021-09-13T23:00:42 PET" duration-ms="0" status="PASS">
          <reporter-output>
          </reporter-output>
        </test-method> <!-- Test10 -->
        <test-method signature="Test17()[pri:0, instance:cs.ing.software.lab1.PruebaTest@4b2c5e02]" started-at="2021-09-13T23:00:42 PET" name="Test17" finished-at="2021-09-13T23:00:42 PET" duration-ms="0" status="PASS">
          <reporter-output>
          </reporter-output>
        </test-method> <!-- Test17 -->
        <test-method signature="Test15()[pri:0, instance:cs.ing.software.lab1.PruebaTest@4b2c5e02]" started-at="2021-09-13T23:00:42 PET" name="Test15" finished-at="2021-09-13T23:00:42 PET" duration-ms="0" status="PASS">
          <reporter-output>
          </reporter-output>
        </test-method> <!-- Test15 -->
        <test-method signature="Test16()[pri:0, instance:cs.ing.software.lab1.PruebaTest@4b2c5e02]" started-at="2021-09-13T23:00:42 PET" name="Test16" finished-at="2021-09-13T23:00:42 PET" duration-ms="0" status="PASS">
          <reporter-output>
          </reporter-output>
        </test-method> <!-- Test16 -->
        <test-method signature="Test18()[pri:0, instance:cs.ing.software.lab1.PruebaTest@4b2c5e02]" started-at="2021-09-13T23:00:42 PET" name="Test18" finished-at="2021-09-13T23:00:42 PET" duration-ms="0" status="PASS">
          <reporter-output>
          </reporter-output>
        </test-method> <!-- Test18 -->
        <test-method signature="Test11()[pri:0, instance:cs.ing.software.lab1.PruebaTest@4b2c5e02]" started-at="2021-09-13T23:00:42 PET" name="Test11" finished-at="2021-09-13T23:00:42 PET" duration-ms="0" status="PASS">
          <reporter-output>
          </reporter-output>
        </test-method> <!-- Test11 -->
        <test-method signature="Test12()[pri:0, instance:cs.ing.software.lab1.PruebaTest@4b2c5e02]" started-at="2021-09-13T23:00:42 PET" name="Test12" finished-at="2021-09-13T23:00:42 PET" duration-ms="0" status="PASS">
          <reporter-output>
          </reporter-output>
        </test-method> <!-- Test12 -->
        <test-method signature="Test19()[pri:0, instance:cs.ing.software.lab1.PruebaTest@4b2c5e02]" started-at="2021-09-13T23:00:42 PET" name="Test19" finished-at="2021-09-13T23:00:42 PET" duration-ms="0" status="PASS">
          <reporter-output>
          </reporter-output>
        </test-method> <!-- Test19 -->
        <test-method signature="Test13()[pri:0, instance:cs.ing.software.lab1.PruebaTest@4b2c5e02]" started-at="2021-09-13T23:00:42 PET" name="Test13" finished-at="2021-09-13T23:00:42 PET" duration-ms="0" status="PASS">
          <reporter-output>
          </reporter-output>
        </test-method> <!-- Test13 -->
      </class> <!-- cs.ing.software.lab1.PruebaTest -->
    </test> <!-- Command line test -->
  </suite> <!-- cs.ing.software.lab1.PruebaTest -->
</testng-results>
